<?xml version="1.0" encoding="UTF-8"?>
<coverage generated="1741281289147" clover="3.2.0">
  <project timestamp="1741281289147" name="All files">
    <metrics statements="26" coveredstatements="16" conditionals="8" coveredconditionals="2" methods="2" coveredmethods="2" elements="36" coveredelements="20" complexity="0" loc="26" ncloc="26" packages="1" files="2" classes="2"/>
    <file name="api.recommendations.ts" path="C:\Users\lezi\Desktop\test\remix-spotify\src\services\api.recommendations.ts">
      <metrics statements="11" coveredstatements="8" conditionals="3" coveredconditionals="1" methods="1" coveredmethods="1"/>
      <line num="1" count="1" type="stmt"/>
      <line num="37" count="1" type="stmt"/>
      <line num="38" count="7" type="stmt"/>
      <line num="39" count="7" type="stmt"/>
      <line num="46" count="3" type="stmt"/>
      <line num="48" count="4" type="cond" truecount="1" falsecount="0"/>
      <line num="49" count="4" type="cond" truecount="0" falsecount="1"/>
      <line num="50" count="0" type="cond" truecount="0" falsecount="1"/>
      <line num="51" count="0" type="stmt"/>
      <line num="54" count="4" type="stmt"/>
      <line num="56" count="0" type="stmt"/>
    </file>
    <file name="auth.ts" path="C:\Users\lezi\Desktop\test\remix-spotify\src\services\auth.ts">
      <metrics statements="15" coveredstatements="8" conditionals="5" coveredconditionals="1" methods="1" coveredmethods="1"/>
      <line num="1" count="1" type="stmt"/>
      <line num="14" count="1" type="stmt"/>
      <line num="15" count="4" type="stmt"/>
      <line num="16" count="4" type="stmt"/>
      <line num="17" count="1" type="stmt"/>
      <line num="19" count="3" type="cond" truecount="0" falsecount="1"/>
      <line num="20" count="0" type="cond" truecount="0" falsecount="1"/>
      <line num="21" count="0" type="stmt"/>
      <line num="23" count="0" type="cond" truecount="0" falsecount="1"/>
      <line num="24" count="0" type="stmt"/>
      <line num="26" count="0" type="cond" truecount="0" falsecount="1"/>
      <line num="27" count="0" type="stmt"/>
      <line num="30" count="3" type="cond" truecount="1" falsecount="0"/>
      <line num="31" count="3" type="stmt"/>
      <line num="33" count="0" type="stmt"/>
    </file>
  </project>
</coverage>
