{"C:\\Users\\lezi\\Desktop\\test\\remix-spotify\\src\\services\\api.recommendations.ts": {"path":"C:\\Users\\lezi\\Desktop\\test\\remix-spotify\\src\\services\\api.recommendations.ts","statementMap":{"0":{"start":{"line":1,"column":0},"end":{"line":1,"column":42}},"1":{"start":{"line":37,"column":34},"end":{"line":58,"column":1}},"2":{"start":{"line":38,"column":2},"end":{"line":57,"column":3}},"3":{"start":{"line":39,"column":21},"end":{"line":44,"column":6}},"4":{"start":{"line":46,"column":4},"end":{"line":46,"column":25}},"5":{"start":{"line":48,"column":4},"end":{"line":55,"column":5}},"6":{"start":{"line":49,"column":6},"end":{"line":53,"column":7}},"7":{"start":{"line":50,"column":8},"end":{"line":52,"column":9}},"8":{"start":{"line":51,"column":10},"end":{"line":51,"column":61}},"9":{"start":{"line":54,"column":6},"end":{"line":54,"column":18}},"10":{"start":{"line":56,"column":4},"end":{"line":56,"column":46}},"11":{"start":{"line":37,"column":13},"end":{"line":37,"column":34}}},"fnMap":{"0":{"name":"(anonymous_1)","decl":{"start":{"line":37,"column":34},"end":{"line":37,"column":39}},"loc":{"start":{"line":37,"column":107},"end":{"line":58,"column":1}}}},"branchMap":{"0":{"loc":{"start":{"line":48,"column":4},"end":{"line":55,"column":5}},"type":"if","locations":[{"start":{"line":48,"column":4},"end":{"line":55,"column":5}}]},"1":{"loc":{"start":{"line":49,"column":6},"end":{"line":53,"column":7}},"type":"if","locations":[{"start":{"line":49,"column":6},"end":{"line":53,"column":7}}]},"2":{"loc":{"start":{"line":50,"column":8},"end":{"line":52,"column":9}},"type":"if","locations":[{"start":{"line":50,"column":8},"end":{"line":52,"column":9}}]}},"s":{"0":1,"1":1,"2":7,"3":7,"4":3,"5":4,"6":4,"7":0,"8":0,"9":4,"10":0,"11":1},"f":{"0":7},"b":{"0":[4],"1":[0],"2":[0]}}
,"C:\\Users\\lezi\\Desktop\\test\\remix-spotify\\src\\services\\auth.ts": {"path":"C:\\Users\\lezi\\Desktop\\test\\remix-spotify\\src\\services\\auth.ts","statementMap":{"0":{"start":{"line":1,"column":0},"end":{"line":1,"column":26}},"1":{"start":{"line":14,"column":32},"end":{"line":35,"column":1}},"2":{"start":{"line":15,"column":2},"end":{"line":34,"column":3}},"3":{"start":{"line":16,"column":21},"end":{"line":16,"column":63}},"4":{"start":{"line":17,"column":4},"end":{"line":17,"column":25}},"5":{"start":{"line":19,"column":4},"end":{"line":29,"column":5}},"6":{"start":{"line":20,"column":6},"end":{"line":22,"column":7}},"7":{"start":{"line":21,"column":8},"end":{"line":21,"column":63}},"8":{"start":{"line":23,"column":6},"end":{"line":25,"column":7}},"9":{"start":{"line":24,"column":8},"end":{"line":24,"column":51}},"10":{"start":{"line":26,"column":6},"end":{"line":28,"column":7}},"11":{"start":{"line":27,"column":8},"end":{"line":27,"column":39}},"12":{"start":{"line":30,"column":4},"end":{"line":32,"column":5}},"13":{"start":{"line":31,"column":6},"end":{"line":31,"column":18}},"14":{"start":{"line":33,"column":4},"end":{"line":33,"column":46}},"15":{"start":{"line":14,"column":13},"end":{"line":14,"column":32}}},"fnMap":{"0":{"name":"(anonymous_1)","decl":{"start":{"line":14,"column":32},"end":{"line":14,"column":37}},"loc":{"start":{"line":14,"column":90},"end":{"line":35,"column":1}}}},"branchMap":{"0":{"loc":{"start":{"line":19,"column":4},"end":{"line":29,"column":5}},"type":"if","locations":[{"start":{"line":19,"column":4},"end":{"line":29,"column":5}}]},"1":{"loc":{"start":{"line":20,"column":6},"end":{"line":22,"column":7}},"type":"if","locations":[{"start":{"line":20,"column":6},"end":{"line":22,"column":7}}]},"2":{"loc":{"start":{"line":23,"column":6},"end":{"line":25,"column":7}},"type":"if","locations":[{"start":{"line":23,"column":6},"end":{"line":25,"column":7}}]},"3":{"loc":{"start":{"line":26,"column":6},"end":{"line":28,"column":7}},"type":"if","locations":[{"start":{"line":26,"column":6},"end":{"line":28,"column":7}}]},"4":{"loc":{"start":{"line":30,"column":4},"end":{"line":32,"column":5}},"type":"if","locations":[{"start":{"line":30,"column":4},"end":{"line":32,"column":5}}]}},"s":{"0":1,"1":1,"2":4,"3":4,"4":1,"5":3,"6":0,"7":0,"8":0,"9":0,"10":0,"11":0,"12":3,"13":3,"14":0,"15":1},"f":{"0":4},"b":{"0":[0],"1":[0],"2":[0],"3":[0],"4":[3]}}
}
