TN:
SF:src\services\api.recommendations.ts
FN:37,(anonymous_1)
FNF:1
FNH:1
FNDA:7,(anonymous_1)
DA:1,1
DA:37,1
DA:38,7
DA:39,7
DA:46,3
DA:48,4
DA:49,4
DA:50,0
DA:51,0
DA:54,4
DA:56,0
LF:11
LH:8
BRDA:48,0,0,4
BRDA:49,1,0,0
BRDA:50,2,0,0
BRF:3
BRH:1
end_of_record
TN:
SF:src\services\auth.ts
FN:14,(anonymous_1)
FNF:1
FNH:1
FNDA:4,(anonymous_1)
DA:1,1
DA:14,1
DA:15,4
DA:16,4
DA:17,1
DA:19,3
DA:20,0
DA:21,0
DA:23,0
DA:24,0
DA:26,0
DA:27,0
DA:30,3
DA:31,3
DA:33,0
LF:15
LH:8
BRDA:19,0,0,0
BRDA:20,1,0,0
BRDA:23,2,0,0
BRDA:26,3,0,0
BRDA:30,4,0,3
BRF:5
BRH:1
end_of_record
